share/man/man7/free-software.7 copied from /tmp/src_deblob//ADD_share^man^man7^free-software.7
share/man/man7/fsdg.7 copied from /tmp/src_deblob//ADD_share^man^man7^fsdg.7
!!! /usr/src/distrib/amd64/ramdisk_cd/list.local NOT patched from /tmp/src_deblob//distrib^amd64^ramdisk_cd^list.local.patch
!!! /usr/src/distrib/i386/ramdisk_cd/list.local NOT patched from /tmp/src_deblob//distrib^i386^ramdisk_cd^list.local.patch
!!! /usr/src/distrib/sets/lists/base/md.amd64 NOT patched from /tmp/src_deblob//distrib^sets^lists^base^md.amd64.patch
!!! /usr/src/distrib/sets/lists/base/md.i386 NOT patched from /tmp/src_deblob//distrib^sets^lists^base^md.i386.patch
!!! /usr/src/distrib/sets/lists/base/mi NOT patched from /tmp/src_deblob//distrib^sets^lists^base^mi.patch
!!! /usr/src/distrib/sets/lists/man/mi NOT patched from /tmp/src_deblob//distrib^sets^lists^man^mi.patch
/usr/src/share/man/man7/Makefile patched from /tmp/src_deblob//share^man^man7^Makefile.patch
/usr/src/usr.sbin/pkg_add/Makefile patched from /tmp/src_deblob//usr.sbin^pkg_add^Makefile.patch
distrib/miniroot/install.sub copied from /tmp/src_rebrand/ADD_distrib^miniroot^install.sub
etc/motd copied from /tmp/src_rebrand/ADD_etc^motd
etc/root/root.mail copied from /tmp/src_rebrand/ADD_etc^root^root.mail
gnu/usr.bin/perl/hints/libertybsd.sh copied from /tmp/src_rebrand/ADD_gnu^usr.bin^perl^hints^libertybsd.sh
usr.bin/uname-obsd copied from /tmp/src_rebrand/ADD_usr.bin^uname-obsd
!!! /usr/src/distrib/amd64/cdfs/Makefile NOT patched from /tmp/src_rebrand/distrib^amd64^cdfs^Makefile.patch
!!! /usr/src/distrib/amd64/common/install.md NOT patched from /tmp/src_rebrand/distrib^amd64^common^install.md.patch
!!! /usr/src/distrib/amd64/iso/Makefile NOT patched from /tmp/src_rebrand/distrib^amd64^iso^Makefile.patch
!!! /usr/src/distrib/i386/cdfs/Makefile NOT patched from /tmp/src_rebrand/distrib^i386^cdfs^Makefile.patch
!!! /usr/src/distrib/i386/common/install.md NOT patched from /tmp/src_rebrand/distrib^i386^common^install.md.patch
!!! /usr/src/distrib/i386/iso/Makefile NOT patched from /tmp/src_rebrand/distrib^i386^iso^Makefile.patch
!!! /usr/src/distrib/miniroot/dot.profile NOT patched from /tmp/src_rebrand/distrib^miniroot^dot.profile.patch
!!! /usr/src/distrib/sets/lists/base/md.amd64 NOT patched from /tmp/src_rebrand/distrib^sets^lists^base^md.amd64.patch
!!! /usr/src/distrib/sets/lists/base/md.i386 NOT patched from /tmp/src_rebrand/distrib^sets^lists^base^md.i386.patch
!!! /usr/src/gnu/../usr.sbin/bind/config.guess NOT patched from /tmp/src_rebrand/gnu^..^usr.sbin^bind^config.guess.patch
!!! /usr/src/gnu/../usr.sbin/unbound/config.guess NOT patched from /tmp/src_rebrand/gnu^..^usr.sbin^unbound^config.guess.patch
!!! /usr/src/gnu/lib/libiberty/config.guess NOT patched from /tmp/src_rebrand/gnu^lib^libiberty^config.guess.patch
!!! /usr/src/gnu/lib/libobjc/config.guess NOT patched from /tmp/src_rebrand/gnu^lib^libobjc^config.guess.patch
!!! /usr/src/gnu/lib/libstdc++/config.guess NOT patched from /tmp/src_rebrand/gnu^lib^libstdc++^config.guess.patch
!!! /usr/src/gnu/share/config.guess NOT patched from /tmp/src_rebrand/gnu^share^config.guess.patch
!!! /usr/src/gnu/usr.bin/binutils-2.17/config.guess NOT patched from /tmp/src_rebrand/gnu^usr.bin^binutils-2.17^config.guess.patch
!!! /usr/src/gnu/usr.bin/binutils/config.guess NOT patched from /tmp/src_rebrand/gnu^usr.bin^binutils^config.guess.patch
!!! /usr/src/gnu/usr.bin/gcc/config.guess NOT patched from /tmp/src_rebrand/gnu^usr.bin^gcc^config.guess.patch
/usr/src/gnu/usr.bin/perl/Configure patched from /tmp/src_rebrand/gnu^usr.bin^perl^Configure.patch
/usr/src/gnu/usr.bin/perl/Makefile.SH patched from /tmp/src_rebrand/gnu^usr.bin^perl^Makefile.SH.patch
!!! /usr/src/gnu/usr.bin/perl/Makefile.bsd-wrapper NOT patched from /tmp/src_rebrand/gnu^usr.bin^perl^Makefile.bsd-wrapper.patch
!!! /usr/src/gnu/usr.bin/texinfo/config.guess NOT patched from /tmp/src_rebrand/gnu^usr.bin^texinfo^config.guess.patch
!!! /usr/src/usr.bin/sendbug/sendbug.c NOT patched from /tmp/src_rebrand/usr.bin^sendbug^sendbug.c.patch
dev/microcode/adw deleted
dev/microcode/afb deleted
dev/microcode/atmel deleted
dev/microcode/bnx deleted
dev/microcode/bwi deleted
dev/microcode/cirruslogic deleted
dev/microcode/cyclades deleted
dev/microcode/esa deleted
dev/microcode/fxp deleted
dev/microcode/ises deleted
dev/microcode/kue deleted
dev/microcode/myx deleted
dev/microcode/neomagic deleted
dev/microcode/ral deleted
dev/microcode/rum deleted
dev/microcode/siop deleted
dev/microcode/symbol deleted
dev/microcode/tht deleted
dev/microcode/tigon deleted
dev/microcode/tusb3410 deleted
dev/microcode/typhoon deleted
dev/microcode/udl deleted
dev/microcode/yds deleted
dev/microcode/zydas deleted
dev/pci/adv_pci.c deleted
dev/pci/adw_pci.c deleted
dev/pci/esa.c deleted
dev/pci/esareg.h deleted
dev/pci/esavar.h deleted
/usr/src/sys/arch/amd64/conf/GENERIC patched from /tmp/sys_deblob/arch^amd64^conf^GENERIC.patch
/usr/src/sys/arch/amd64/conf/RAMDISK patched from /tmp/sys_deblob/arch^amd64^conf^RAMDISK.patch
/usr/src/sys/arch/amd64/conf/RAMDISK_CD patched from /tmp/sys_deblob/arch^amd64^conf^RAMDISK_CD.patch
/usr/src/sys/arch/i386/conf/GENERIC patched from /tmp/sys_deblob/arch^i386^conf^GENERIC.patch
/usr/src/sys/arch/i386/conf/RAMDISK patched from /tmp/sys_deblob/arch^i386^conf^RAMDISK.patch
/usr/src/sys/arch/i386/conf/RAMDISK_CD patched from /tmp/sys_deblob/arch^i386^conf^RAMDISK_CD.patch
/usr/src/sys/dev/microcode/Makefile patched from /tmp/sys_deblob/dev^microcode^Makefile.patch
/usr/src/sys/dev/pci/files.pci patched from /tmp/sys_deblob/dev^pci^files.pci.patch
/usr/src/sys/arch/amd64/stand/libsa/biosdev.c patched from /tmp/sys_rebrand/arch^amd64^stand^libsa^biosdev.c.patch
/usr/src/sys/arch/i386/stand/libsa/biosdev.c patched from /tmp/sys_rebrand/arch^i386^stand^libsa^biosdev.c.patch
/usr/src/sys/conf/newvers.sh patched from /tmp/sys_rebrand/conf^newvers.sh.patch
/usr/src/sys/stand/boot/boot.c patched from /tmp/sys_rebrand/stand^boot^boot.c.patch
app/xdm/config/LibertyBSD_15bpp.xpm copied from /tmp/xenocara_rebrand/ADD_app^xdm^config^LibertyBSD_15bpp.xpm
app/xdm/config/LibertyBSD_1bpp.xpm copied from /tmp/xenocara_rebrand/ADD_app^xdm^config^LibertyBSD_1bpp.xpm
app/xdm/config/LibertyBSD_4bpp.xpm copied from /tmp/xenocara_rebrand/ADD_app^xdm^config^LibertyBSD_4bpp.xpm
app/xdm/config/LibertyBSD_8bpp.xpm copied from /tmp/xenocara_rebrand/ADD_app^xdm^config^LibertyBSD_8bpp.xpm
/usr/xenocara//app/fvwm/sample.fvwmrc/system.fvwmrc patched from /tmp/xenocara_rebrand/app^fvwm^sample.fvwmrc^system.fvwmrc.patch
!!! /usr/xenocara//app/twm/config.guess NOT patched from /tmp/xenocara_rebrand/app^twm^config.guess.patch
/usr/xenocara//app/xdm/Makefile.bsd-wrapper patched from /tmp/xenocara_rebrand/app^xdm^Makefile.bsd-wrapper.patch
/usr/xenocara//app/xdm/config/Xresources.cpp patched from /tmp/xenocara_rebrand/app^xdm^config^Xresources.cpp.patch
/usr/xenocara//app/xlockmore/Makefile.bsd-wrapper patched from /tmp/xenocara_rebrand/app^xlockmore^Makefile.bsd-wrapper.patch
/usr/xenocara//distrib/sets/lists/xshare/mi patched from /tmp/xenocara_rebrand/distrib^sets^lists^xshare^mi.patch
/usr/xenocara//share/mk/bsd.xorg.mk patched from /tmp/xenocara_rebrand/share^mk^bsd.xorg.mk.patch
